<?xml version="1.0" encoding="UTF-8" ?>
<testsuite tests="7" failures="0" name="application.model.UserDefinedCharacterTest" time="0.001" errors="0" skipped="0">
  <properties>
    <property name="java.runtime.name" value="Java(TM) SE Runtime Environment"/>
    <property name="sun.boot.library.path" value="C:\Program Files\Java\jdk1.8.0_202\jre\bin"/>
    <property name="java.vm.version" value="25.202-b08"/>
    <property name="java.vm.vendor" value="Oracle Corporation"/>
    <property name="maven.multiModuleProjectDirectory" value="C:\Users\rdhore\Documents\mywork\workspace\gameBattle"/>
    <property name="java.vendor.url" value="http://java.oracle.com/"/>
    <property name="path.separator" value=";"/>
    <property name="guice.disable.misplaced.annotation.check" value="true"/>
    <property name="java.vm.name" value="Java HotSpot(TM) 64-Bit Server VM"/>
    <property name="file.encoding.pkg" value="sun.io"/>
    <property name="user.script" value=""/>
    <property name="user.country" value="US"/>
    <property name="sun.java.launcher" value="SUN_STANDARD"/>
    <property name="sun.os.patch.level" value=""/>
    <property name="java.vm.specification.name" value="Java Virtual Machine Specification"/>
    <property name="user.dir" value="C:\Users\rdhore\Documents\mywork\workspace\gameBattle"/>
    <property name="java.runtime.version" value="1.8.0_202-b08"/>
    <property name="java.awt.graphicsenv" value="sun.awt.Win32GraphicsEnvironment"/>
    <property name="java.endorsed.dirs" value="C:\Program Files\Java\jdk1.8.0_202\jre\lib\endorsed"/>
    <property name="os.arch" value="amd64"/>
    <property name="java.io.tmpdir" value="C:\Users\rdhore\AppData\Local\Temp\"/>
    <property name="line.separator" value="
"/>
    <property name="java.vm.specification.vendor" value="Oracle Corporation"/>
    <property name="user.variant" value=""/>
    <property name="os.name" value="Windows 10"/>
    <property name="classworlds.conf" value="C:\apache-maven-3.6.0\bin\..\bin\m2.conf"/>
    <property name="sun.jnu.encoding" value="Cp1252"/>
    <property name="java.library.path" value="C:\Program Files\Java\jdk1.8.0_202\bin;C:\windows\Sun\Java\bin;C:\windows\system32;C:\windows;C:\Program Files (x86)\Common Files\Oracle\Java\javapath;C:\ProgramData\DockerDesktop\version-bin;C:\Program Files\Docker\Docker\Resources\bin;C:\Program Files (x86)\Intel\Intel(R) Management Engine Components\iCLS\;C:\Program Files\Intel\Intel(R) Management Engine Components\iCLS\;C:\ProgramData\Oracle\Java\javapath;C:\windows\system32;C:\windows;C:\windows\System32\Wbem;C:\windows\System32\WindowsPowerShell\v1.0\;C:\windows\System32\OpenSSH\;C:\Program Files (x86)\Enterprise Vault\EVClient\;C:\Program Files (x86)\Intel\Intel(R) Management Engine Components\DAL;C:\Program Files\Intel\Intel(R) Management Engine Components\DAL;C:\Program Files (x86)\Intel\Intel(R) Management Engine Components\IPT;C:\Program Files\Intel\Intel(R) Management Engine Components\IPT;C:\Go\bin;C:\Program Files\TortoiseSVN\bin;C:\Program Files\PuTTY\;C:\Users\rdhore\Downloads\sonar-scanner-3.3.0.1492-windows\bin;C:\Users\rdhore\Documents\sonarqube-developer-7.6\sonarqube-7.6\extensions\plugins\;C:\Users\rdhore\Downloads\build-wrapper-win-x86;C:\Program Files (x86)\Microsoft Visual Studio\2017\Professional\MSBuild\15.0\Bin\amd64;C:\Program Files\dotnet\;C:\apache-maven-3.6.0\bin;C:\Program Files\nodejs\;C:\Program Files (x86)\File Viewer Lite\lib\magick;C:\Users\rdhore\AppData\Local\Microsoft\WindowsApps;C:\Users\rdhore\go\bin;C:\Users\rdhore\AppData\Local\atom\bin;C:\Users\rdhore\AppData\Local\Programs\Microsoft VS Code\bin;C:\Program Files\Git\cmd;C:\Program Files\Git\bin;C:\Users\rdhore\Downloads\sonar-scanner-3.3.0.1492-windows\bin;C:\Gradle\gradle-5.2.1\bin;C:\Program Files\Java\jdk1.8.0_202\bin;C:\Users\rdhore\AppData\Local\Android\Sdk\tools;C:\Users\rdhore\AppData\Local\Android\Sdk\platform-tools;C:\Users\rdhore\AppData\Local\Android\Sdk\tools\bin;%M2_HOME\bin;C:\Users\rdhore\AppData\Roaming\npm;."/>
    <property name="maven.conf" value="C:\apache-maven-3.6.0\bin\../conf"/>
    <property name="java.specification.name" value="Java Platform API Specification"/>
    <property name="java.class.version" value="52.0"/>
    <property name="sun.management.compiler" value="HotSpot 64-Bit Tiered Compilers"/>
    <property name="os.version" value="10.0"/>
    <property name="library.jansi.path" value="C:\apache-maven-3.6.0\bin\..\lib\jansi-native"/>
    <property name="user.home" value="C:\Users\rdhore"/>
    <property name="user.timezone" value="Asia/Calcutta"/>
    <property name="java.awt.printerjob" value="sun.awt.windows.WPrinterJob"/>
    <property name="java.specification.version" value="1.8"/>
    <property name="file.encoding" value="Cp1252"/>
    <property name="user.name" value="rdhore"/>
    <property name="java.class.path" value="C:\apache-maven-3.6.0\bin\..\boot\plexus-classworlds-2.5.2.jar"/>
    <property name="java.vm.specification.version" value="1.8"/>
    <property name="sun.arch.data.model" value="64"/>
    <property name="java.home" value="C:\Program Files\Java\jdk1.8.0_202\jre"/>
    <property name="sun.java.command" value="org.codehaus.plexus.classworlds.launcher.Launcher test"/>
    <property name="java.specification.vendor" value="Oracle Corporation"/>
    <property name="user.language" value="en"/>
    <property name="awt.toolkit" value="sun.awt.windows.WToolkit"/>
    <property name="java.vm.info" value="mixed mode"/>
    <property name="java.version" value="1.8.0_202"/>
    <property name="java.ext.dirs" value="C:\Program Files\Java\jdk1.8.0_202\jre\lib\ext;C:\windows\Sun\Java\lib\ext"/>
    <property name="sun.boot.class.path" value="C:\Program Files\Java\jdk1.8.0_202\jre\lib\resources.jar;C:\Program Files\Java\jdk1.8.0_202\jre\lib\rt.jar;C:\Program Files\Java\jdk1.8.0_202\jre\lib\sunrsasign.jar;C:\Program Files\Java\jdk1.8.0_202\jre\lib\jsse.jar;C:\Program Files\Java\jdk1.8.0_202\jre\lib\jce.jar;C:\Program Files\Java\jdk1.8.0_202\jre\lib\charsets.jar;C:\Program Files\Java\jdk1.8.0_202\jre\lib\jfr.jar;C:\Program Files\Java\jdk1.8.0_202\jre\classes"/>
    <property name="sun.stderr.encoding" value="cp437"/>
    <property name="java.vendor" value="Oracle Corporation"/>
    <property name="maven.home" value="C:\apache-maven-3.6.0\bin\.."/>
    <property name="file.separator" value="\"/>
    <property name="java.vendor.url.bug" value="http://bugreport.sun.com/bugreport/"/>
    <property name="sun.cpu.endian" value="little"/>
    <property name="sun.io.unicode.encoding" value="UnicodeLittle"/>
    <property name="sun.stdout.encoding" value="cp437"/>
    <property name="sun.desktop" value="windows"/>
    <property name="sun.cpu.isalist" value="amd64"/>
  </properties>
  <testcase classname="application.model.UserDefinedCharacterTest" name="application.model.UserDefinedCharacterTest.testCreateCharacterWithFeMaleRedShortHairFeaturesWithOnlyValidInput" time="0"/>
  <testcase classname="application.model.UserDefinedCharacterTest" name="application.model.UserDefinedCharacterTest.testCreateCharacterWithMaleBlueBlondeHairFeaturesWithFristInvalidThenValidInput" time="0.001"/>
  <testcase classname="application.model.UserDefinedCharacterTest" name="application.model.UserDefinedCharacterTest.testCreateCharacterWithFeMaleRedShortHairFeaturesWithFristInvalidThenValidInput" time="0"/>
  <testcase classname="application.model.UserDefinedCharacterTest" name="application.model.UserDefinedCharacterTest.testExittoMainMenuFromCreateCharacterGenderFeatures" time="0"/>
  <testcase classname="application.model.UserDefinedCharacterTest" name="application.model.UserDefinedCharacterTest.testExittoMainMenuFromCreateCharacterHairFeatures" time="0"/>
  <testcase classname="application.model.UserDefinedCharacterTest" name="application.model.UserDefinedCharacterTest.testExittoMainMenuFromCreateCharacterColourFeatures" time="0"/>
  <testcase classname="application.model.UserDefinedCharacterTest" name="application.model.UserDefinedCharacterTest.testCreateCharacterWithMaleBlueBlondeHairFeatures" time="0"/>
</testsuite>